{"/Users/lorenzogamboagarcia/Personal Projects/Picaso.io/app/actions/game_action.js": {"path":"/Users/lorenzogamboagarcia/Personal Projects/Picaso.io/app/actions/game_action.js","statementMap":{"0":{"start":{"line":3,"column":29},"end":{"line":3,"column":43}},"1":{"start":{"line":4,"column":35},"end":{"line":4,"column":48}},"2":{"start":{"line":5,"column":34},"end":{"line":5,"column":46}},"3":{"start":{"line":6,"column":32},"end":{"line":6,"column":45}},"4":{"start":{"line":13,"column":2},"end":{"line":16,"column":3}},"5":{"start":{"line":24,"column":2},"end":{"line":27,"column":3}},"6":{"start":{"line":35,"column":2},"end":{"line":38,"column":3}},"7":{"start":{"line":46,"column":2},"end":{"line":49,"column":3}}},"fnMap":{"0":{"name":"updateCanvas","decl":{"start":{"line":12,"column":16},"end":{"line":12,"column":28}},"loc":{"start":{"line":12,"column":35},"end":{"line":17,"column":1}},"line":12},"1":{"name":"setColorPicked","decl":{"start":{"line":23,"column":16},"end":{"line":23,"column":30}},"loc":{"start":{"line":23,"column":38},"end":{"line":28,"column":1}},"line":23},"2":{"name":"selectTool","decl":{"start":{"line":34,"column":16},"end":{"line":34,"column":26}},"loc":{"start":{"line":34,"column":33},"end":{"line":39,"column":1}},"line":34},"3":{"name":"setPenWidth","decl":{"start":{"line":45,"column":16},"end":{"line":45,"column":27}},"loc":{"start":{"line":45,"column":35},"end":{"line":50,"column":1}},"line":45}},"branchMap":{},"s":{"0":2,"1":2,"2":2,"3":2,"4":1,"5":1,"6":1,"7":1},"f":{"0":1,"1":1,"2":1,"3":1},"b":{},"_coverageSchema":"332fd63041d2c1bcb487cc26dd0d5f7d97098a6c","hash":"3d946cf702748e2ab2206c013b756bc0d5f319a9"}
,"/Users/lorenzogamboagarcia/Personal Projects/Picaso.io/app/components/ToolPaint/Tool/Tool.js": {"path":"/Users/lorenzogamboagarcia/Personal Projects/Picaso.io/app/components/ToolPaint/Tool/Tool.js","statementMap":{"0":{"start":{"line":9,"column":13},"end":{"line":13,"column":1}},"1":{"start":{"line":10,"column":4},"end":{"line":12,"column":5}}},"fnMap":{"0":{"name":"(anonymous_0)","decl":{"start":{"line":9,"column":13},"end":{"line":9,"column":14}},"loc":{"start":{"line":9,"column":24},"end":{"line":13,"column":1}},"line":9}},"branchMap":{},"s":{"0":1,"1":1},"f":{"0":1},"b":{},"_coverageSchema":"332fd63041d2c1bcb487cc26dd0d5f7d97098a6c","hash":"9fef00a6079fcc453093741ff33b972920cb087a"}
,"/Users/lorenzogamboagarcia/Personal Projects/Picaso.io/app/components/ToolPaint/Tool/index.js": {"path":"/Users/lorenzogamboagarcia/Personal Projects/Picaso.io/app/components/ToolPaint/Tool/index.js","statementMap":{},"fnMap":{},"branchMap":{},"s":{},"f":{},"b":{},"_coverageSchema":"332fd63041d2c1bcb487cc26dd0d5f7d97098a6c","hash":"eed113f2539ff231a1301c499d3c6cdb75324042"}
,"/Users/lorenzogamboagarcia/Personal Projects/Picaso.io/app/reducers/game_reducer.js": {"path":"/Users/lorenzogamboagarcia/Personal Projects/Picaso.io/app/reducers/game_reducer.js","statementMap":{"0":{"start":{"line":5,"column":21},"end":{"line":9,"column":1}},"1":{"start":{"line":12,"column":2},"end":{"line":27,"column":3}},"2":{"start":{"line":14,"column":4},"end":{"line":16,"column":7}},"3":{"start":{"line":18,"column":4},"end":{"line":20,"column":7}},"4":{"start":{"line":22,"column":4},"end":{"line":24,"column":7}},"5":{"start":{"line":26,"column":6},"end":{"line":26,"column":19}}},"fnMap":{"0":{"name":"GameReducer","decl":{"start":{"line":11,"column":24},"end":{"line":11,"column":35}},"loc":{"start":{"line":11,"column":64},"end":{"line":28,"column":1}},"line":11}},"branchMap":{"0":{"loc":{"start":{"line":11,"column":36},"end":{"line":11,"column":54}},"type":"default-arg","locations":[{"start":{"line":11,"column":42},"end":{"line":11,"column":54}}],"line":11},"1":{"loc":{"start":{"line":12,"column":2},"end":{"line":27,"column":3}},"type":"switch","locations":[{"start":{"line":13,"column":4},"end":{"line":16,"column":7}},{"start":{"line":17,"column":4},"end":{"line":20,"column":7}},{"start":{"line":21,"column":4},"end":{"line":24,"column":7}},{"start":{"line":25,"column":4},"end":{"line":26,"column":19}}],"line":12}},"s":{"0":1,"1":1,"2":1,"3":0,"4":0,"5":0},"f":{"0":1},"b":{"0":[0],"1":[1,0,0,0]},"_coverageSchema":"332fd63041d2c1bcb487cc26dd0d5f7d97098a6c","hash":"6d707a8d951d6fe5506e435e9125adf68e74234e"}
}
