TN:
SF:/Users/lorenzogamboagarcia/Personal Projects/Picaso.io/app/actions/game_action.js
FN:12,updateCanvas
FN:23,setColorPicked
FN:34,selectTool
FN:45,setPenWidth
FNF:4
FNH:4
FNDA:1,updateCanvas
FNDA:1,setColorPicked
FNDA:1,selectTool
FNDA:1,setPenWidth
DA:3,2
DA:4,2
DA:5,2
DA:6,2
DA:13,1
DA:24,1
DA:35,1
DA:46,1
LF:8
LH:8
BRF:0
BRH:0
end_of_record
TN:
SF:/Users/lorenzogamboagarcia/Personal Projects/Picaso.io/app/components/ToolPaint/Tool/Tool.js
FN:9,(anonymous_0)
FNF:1
FNH:1
FNDA:1,(anonymous_0)
DA:9,1
DA:10,1
LF:2
LH:2
BRF:0
BRH:0
end_of_record
TN:
SF:/Users/lorenzogamboagarcia/Personal Projects/Picaso.io/app/components/ToolPaint/Tool/index.js
FNF:0
FNH:0
LF:0
LH:0
BRF:0
BRH:0
end_of_record
TN:
SF:/Users/lorenzogamboagarcia/Personal Projects/Picaso.io/app/reducers/game_reducer.js
FN:11,GameReducer
FNF:1
FNH:1
FNDA:1,GameReducer
DA:5,1
DA:12,1
DA:14,1
DA:18,0
DA:22,0
DA:26,0
LF:6
LH:3
BRDA:11,0,0,0
BRDA:12,1,0,1
BRDA:12,1,1,0
BRDA:12,1,2,0
BRDA:12,1,3,0
BRF:5
BRH:1
end_of_record
